<?xml version="1.0" encoding="UTF-8"?>
<!-- Generated by org.testng.reporters.JUnitXMLReporter -->
<testsuite ignored="0" hostname="TYSS-Yogita" failures="0" tests="3" name="ChromeTest" time="16.674" errors="0" timestamp="2022-08-23T11:28:02 IST">
  <testcase classname="testNgTraining.WorkingWithMultipleRead" name="testCase" time="4.583"/>
  <testcase classname="testNgTraining.WorkingWithMultipleRead" name="testCase" time="4.392"/>
  <testcase classname="testNgTraining.WorkingWithMultipleRead" name="testCase" time="4.566"/>
</testsuite> <!-- ChromeTest -->
