<?xml version="1.0" encoding="UTF-8"?>
<!-- Generated by org.testng.reporters.JUnitXMLReporter -->
<testsuite ignored="0" hostname="TYSS-Yogita" failures="0" tests="3" name="FirefoxTest" time="22.934" errors="0" timestamp="2022-08-23T11:28:08 IST">
  <testcase classname="testNgTraining.WorkingWithMultipleRead" name="testCase" time="5.231"/>
  <testcase classname="testNgTraining.WorkingWithMultipleRead" name="testCase" time="5.274"/>
  <testcase classname="testNgTraining.WorkingWithMultipleRead" name="testCase" time="5.103"/>
</testsuite> <!-- FirefoxTest -->
