<?xml version="1.0" encoding="UTF-8"?>
<!-- Generated by org.testng.reporters.JUnitXMLReporter -->
<testsuite ignored="6" hostname="TYSS-Yogita" failures="3" tests="4" name="firefox" time="0.701" errors="0" timestamp="2022-08-22T13:01:12 IST">
  <testcase classname="testNgTraining.Case1" name="TestCase1" time="0.668"/>
  <testcase classname="testNgTraining.Case2" name="TestCase2" time="0.0">
    <failure type="java.lang.NullPointerException" message="Cannot invoke &amp;quot;org.openqa.selenium.WebDriver.get(String)&amp;quot; because &amp;quot;this.driver&amp;quot; is null">
      <![CDATA[java.lang.NullPointerException: Cannot invoke "org.openqa.selenium.WebDriver.get(String)" because "this.driver" is null
at testNgTraining.Case2.TestCase2(Case2.java:11)
at java.base/java.util.ArrayList.forEach(ArrayList.java:1511)
at java.base/java.util.concurrent.FutureTask.run(FutureTask.java:264)
at java.base/java.util.concurrent.ThreadPoolExecutor.runWorker(ThreadPoolExecutor.java:1136)
at java.base/java.util.concurrent.ThreadPoolExecutor$Worker.run(ThreadPoolExecutor.java:635)
at java.base/java.lang.Thread.run(Thread.java:833)
... Removed 18 stack frames]]>
    </failure>
  </testcase> <!-- TestCase2 -->
  <testcase classname="testNgTraining.Case3" name="TestCase3" time="0.0">
    <failure type="java.lang.NullPointerException" message="Cannot invoke &amp;quot;org.openqa.selenium.WebDriver.get(String)&amp;quot; because &amp;quot;this.driver&amp;quot; is null">
      <![CDATA[java.lang.NullPointerException: Cannot invoke "org.openqa.selenium.WebDriver.get(String)" because "this.driver" is null
at testNgTraining.Case3.TestCase3(Case3.java:14)
at java.base/java.util.ArrayList.forEach(ArrayList.java:1511)
at java.base/java.util.concurrent.FutureTask.run(FutureTask.java:264)
at java.base/java.util.concurrent.ThreadPoolExecutor.runWorker(ThreadPoolExecutor.java:1136)
at java.base/java.util.concurrent.ThreadPoolExecutor$Worker.run(ThreadPoolExecutor.java:635)
at java.base/java.lang.Thread.run(Thread.java:833)
... Removed 18 stack frames]]>
    </failure>
  </testcase> <!-- TestCase3 -->
  <testcase classname="testNgTraining.Case4" name="TestCase4" time="0.001">
    <failure type="java.lang.NullPointerException" message="Cannot invoke &amp;quot;org.openqa.selenium.WebDriver.get(String)&amp;quot; because &amp;quot;this.driver&amp;quot; is null">
      <![CDATA[java.lang.NullPointerException: Cannot invoke "org.openqa.selenium.WebDriver.get(String)" because "this.driver" is null
at testNgTraining.Case4.TestCase4(Case4.java:11)
at java.base/java.util.ArrayList.forEach(ArrayList.java:1511)
at java.base/java.util.concurrent.FutureTask.run(FutureTask.java:264)
at java.base/java.util.concurrent.ThreadPoolExecutor.runWorker(ThreadPoolExecutor.java:1136)
at java.base/java.util.concurrent.ThreadPoolExecutor$Worker.run(ThreadPoolExecutor.java:635)
at java.base/java.lang.Thread.run(Thread.java:833)
... Removed 18 stack frames]]>
    </failure>
  </testcase> <!-- TestCase4 -->
  <testcase classname="testNgTraining.BaseTest" name="@BeforeSuite setUpBrowser" time="0.0">
    <ignored/>
  </testcase> <!-- @BeforeSuite setUpBrowser -->
  <testcase classname="testNgTraining.BaseTest" name="@BeforeSuite setUpBrowser" time="0.0">
    <ignored/>
  </testcase> <!-- @BeforeSuite setUpBrowser -->
  <testcase classname="testNgTraining.BaseTest" name="@BeforeSuite setUpBrowser" time="0.0">
    <ignored/>
  </testcase> <!-- @BeforeSuite setUpBrowser -->
  <testcase classname="testNgTraining.BaseTest" name="@AfterSuite browserTearDown" time="0.0">
    <ignored/>
  </testcase> <!-- @AfterSuite browserTearDown -->
  <testcase classname="testNgTraining.BaseTest" name="@AfterSuite browserTearDown" time="0.0">
    <ignored/>
  </testcase> <!-- @AfterSuite browserTearDown -->
  <testcase classname="testNgTraining.BaseTest" name="@AfterSuite browserTearDown" time="0.0">
    <ignored/>
  </testcase> <!-- @AfterSuite browserTearDown -->
</testsuite> <!-- firefox -->
