<?xml version="1.0" encoding="UTF-8"?>
<!-- Generated by org.testng.reporters.JUnitXMLReporter -->
<testsuite ignored="0" hostname="TYSS-Yogita" failures="0" tests="3" name="Test" time="21.99" errors="0" timestamp="2022-08-23T10:30:25 IST">
  <testcase classname="testNgTraining.WorkingWithMultipleRead" name="testCase" time="4.59"/>
  <testcase classname="testNgTraining.WorkingWithMultipleRead" name="testCase" time="4.922"/>
  <testcase classname="testNgTraining.WorkingWithMultipleRead" name="testCase" time="5.154"/>
</testsuite> <!-- Test -->
