<?xml version="1.0" encoding="UTF-8"?>
<!-- Generated by org.testng.reporters.JUnitXMLReporter -->
<testsuite ignored="0" hostname="TYSS-Yogita" failures="0" tests="5" name="Testcase3" time="3.624" errors="0" timestamp="2022-08-22T12:41:52 IST">
  <testcase classname="testNgTraining.TestCase03" name="alchemist" time="0.005"/>
  <testcase classname="testNgTraining.TestCase03" name="harryPotter" time="0.001"/>
  <testcase classname="testNgTraining.TestCase03" name="oliverTwist" time="0.001"/>
  <testcase classname="testNgTraining.TestCase03" name="theFaultInOurStars" time="3.583"/>
  <testcase classname="testNgTraining.TestCase03" name="twoStates" time="0.002"/>
</testsuite> <!-- Testcase3 -->
